2021-11-16 13:22:40 INFO  ClaimServiceImpl:37 - addClaim called for claim: Claim [id=-1, user=83, dateOfService=null, dateOfClaim=Tue Nov 16 13:22:40 PST 2021, amount=100.0, status=PENDING, description=test description]
2021-11-16 13:22:42 INFO  UserServiceImpl:67 - registerUserInfo has been called for userInfo: UserInfo [user=-1, firstName=Firstname, lastName=Lastname, address=123 Avenue, city=Buffalo, state=New York, zip=12345]
2021-11-16 13:22:42 INFO  UserServiceImpl:67 - registerUserInfo has been called for userInfo: UserInfo [user=-1, firstName=null, lastName=null, address=null, city=null, state=null, zip=null]
2021-11-16 13:22:42 INFO  UserServiceImpl:67 - registerUserInfo has been called for userInfo: UserInfo [user=0, firstName=Firstname, lastName=Lastname, address=123 Avenue, city=Buffalo, state=New York, zip=12345]
2021-11-16 13:22:42 INFO  UserServiceImpl:67 - registerUserInfo has been called for userInfo: UserInfo [user=-1, firstName=null, lastName=Lastname, address=123 Avenue, city=Buffalo, state=New York, zip=12345]
2021-11-16 13:22:42 INFO  UserServiceImpl:67 - registerUserInfo has been called for userInfo: UserInfo [user=-1, firstName=Firstname, lastName=null, address=123 Avenue, city=Buffalo, state=New York, zip=12345]
2021-11-16 13:22:42 INFO  UserServiceImpl:67 - registerUserInfo has been called for userInfo: UserInfo [user=-1, firstName=Firstname, lastName=Lastname, address=null, city=Buffalo, state=New York, zip=12345]
2021-11-16 13:22:42 INFO  UserServiceImpl:67 - registerUserInfo has been called for userInfo: UserInfo [user=-1, firstName=Firstname, lastName=Lastname, address=123 Avenue, city=null, state=New York, zip=12345]
2021-11-16 13:22:42 INFO  UserServiceImpl:67 - registerUserInfo has been called for userInfo: UserInfo [user=-1, firstName=Firstname, lastName=Lastname, address=123 Avenue, city=Buffalo, state=null, zip=12345]
2021-11-16 13:22:42 INFO  UserServiceImpl:67 - registerUserInfo has been called for userInfo: UserInfo [user=-1, firstName=Firstname, lastName=Lastname, address=123 Avenue, city=Buffalo, state=New York, zip=null]
2021-11-16 13:22:42 INFO  UserServiceImpl:179 - updatePasswordByEmail was called for user id: -1
2021-11-16 13:22:42 INFO  UserServiceImpl:179 - updatePasswordByEmail was called for user id: -1
2021-11-16 13:22:42 INFO  UserServiceImpl:179 - updatePasswordByEmail was called for user id: -1
2021-11-16 13:22:42 INFO  UserServiceImpl:179 - updatePasswordByEmail was called for user id: -1
2021-11-16 13:22:42 INFO  UserServiceImpl:179 - updatePasswordByEmail was called for user id: 0
2021-11-16 13:22:42 INFO  UserServiceImpl:179 - updatePasswordByEmail was called for user id: -1
2021-11-16 13:22:44 INFO  ForumServiceImpl:79 - getAllPosts called.
2021-11-16 13:22:44 INFO  ForumServiceImpl:79 - getAllPosts called.
2021-11-16 13:22:44 INFO  ForumServiceImpl:38 - createNewPost called for post: DiscussionPost [id=-1, title=post title, user=1]
2021-11-16 13:22:44 INFO  ForumServiceImpl:38 - createNewPost called for post: DiscussionPost [id=-1, title=, user=1]
2021-11-16 13:22:46 INFO  UserServiceImpl:114 - createOrUpdateCovidForm was called for user id: -1
2021-11-16 13:22:46 INFO  UserServiceImpl:114 - createOrUpdateCovidForm was called for user id: 78
2021-11-16 13:22:46 INFO  UserServiceImpl:114 - createOrUpdateCovidForm was called for user id: -1
2021-11-16 13:22:46 INFO  UserServiceImpl:114 - createOrUpdateCovidForm was called for user id: -1
2021-11-16 13:24:10 INFO  ClaimServiceImpl:37 - addClaim called for claim: Claim [id=-1, user=83, dateOfService=null, dateOfClaim=Tue Nov 16 13:24:10 PST 2021, amount=100.0, status=PENDING, description=test description]
2021-11-16 13:24:14 INFO  UserServiceImpl:67 - registerUserInfo has been called for userInfo: UserInfo [user=-1, firstName=Firstname, lastName=Lastname, address=123 Avenue, city=Buffalo, state=New York, zip=12345]
2021-11-16 13:24:14 INFO  UserServiceImpl:67 - registerUserInfo has been called for userInfo: UserInfo [user=-1, firstName=null, lastName=null, address=null, city=null, state=null, zip=null]
2021-11-16 13:24:14 INFO  UserServiceImpl:67 - registerUserInfo has been called for userInfo: UserInfo [user=0, firstName=Firstname, lastName=Lastname, address=123 Avenue, city=Buffalo, state=New York, zip=12345]
2021-11-16 13:24:14 INFO  UserServiceImpl:67 - registerUserInfo has been called for userInfo: UserInfo [user=-1, firstName=null, lastName=Lastname, address=123 Avenue, city=Buffalo, state=New York, zip=12345]
2021-11-16 13:24:14 INFO  UserServiceImpl:67 - registerUserInfo has been called for userInfo: UserInfo [user=-1, firstName=Firstname, lastName=null, address=123 Avenue, city=Buffalo, state=New York, zip=12345]
2021-11-16 13:24:14 INFO  UserServiceImpl:67 - registerUserInfo has been called for userInfo: UserInfo [user=-1, firstName=Firstname, lastName=Lastname, address=null, city=Buffalo, state=New York, zip=12345]
2021-11-16 13:24:14 INFO  UserServiceImpl:67 - registerUserInfo has been called for userInfo: UserInfo [user=-1, firstName=Firstname, lastName=Lastname, address=123 Avenue, city=null, state=New York, zip=12345]
2021-11-16 13:24:14 INFO  UserServiceImpl:67 - registerUserInfo has been called for userInfo: UserInfo [user=-1, firstName=Firstname, lastName=Lastname, address=123 Avenue, city=Buffalo, state=null, zip=12345]
2021-11-16 13:24:14 INFO  UserServiceImpl:67 - registerUserInfo has been called for userInfo: UserInfo [user=-1, firstName=Firstname, lastName=Lastname, address=123 Avenue, city=Buffalo, state=New York, zip=null]
2021-11-16 13:24:14 INFO  UserServiceImpl:179 - updatePasswordByEmail was called for user id: -1
2021-11-16 13:24:14 INFO  UserServiceImpl:179 - updatePasswordByEmail was called for user id: -1
2021-11-16 13:24:14 INFO  UserServiceImpl:179 - updatePasswordByEmail was called for user id: -1
2021-11-16 13:24:14 INFO  UserServiceImpl:179 - updatePasswordByEmail was called for user id: -1
2021-11-16 13:24:14 INFO  UserServiceImpl:179 - updatePasswordByEmail was called for user id: 0
2021-11-16 13:24:14 INFO  UserServiceImpl:179 - updatePasswordByEmail was called for user id: -1
2021-11-16 13:24:16 INFO  ForumServiceImpl:79 - getAllPosts called.
2021-11-16 13:24:16 INFO  ForumServiceImpl:79 - getAllPosts called.
2021-11-16 13:24:16 INFO  ForumServiceImpl:38 - createNewPost called for post: DiscussionPost [id=-1, title=post title, user=1]
2021-11-16 13:24:16 INFO  ForumServiceImpl:38 - createNewPost called for post: DiscussionPost [id=-1, title=, user=1]
2021-11-16 13:24:19 INFO  UserServiceImpl:114 - createOrUpdateCovidForm was called for user id: -1
2021-11-16 13:24:19 INFO  UserServiceImpl:114 - createOrUpdateCovidForm was called for user id: 78
2021-11-16 13:24:19 INFO  UserServiceImpl:114 - createOrUpdateCovidForm was called for user id: -1
2021-11-16 13:24:19 INFO  UserServiceImpl:114 - createOrUpdateCovidForm was called for user id: -1
2021-11-16 13:31:05 INFO  ClaimServiceImpl:37 - addClaim called for claim: Claim [id=-1, user=83, dateOfService=null, dateOfClaim=Tue Nov 16 13:31:05 PST 2021, amount=100.0, status=PENDING, description=test description]
2021-11-16 13:31:08 INFO  UserServiceImpl:67 - registerUserInfo has been called for userInfo: UserInfo [user=-1, firstName=Firstname, lastName=Lastname, address=123 Avenue, city=Buffalo, state=New York, zip=12345]
2021-11-16 13:31:08 INFO  UserServiceImpl:67 - registerUserInfo has been called for userInfo: UserInfo [user=-1, firstName=null, lastName=null, address=null, city=null, state=null, zip=null]
2021-11-16 13:31:08 INFO  UserServiceImpl:67 - registerUserInfo has been called for userInfo: UserInfo [user=0, firstName=Firstname, lastName=Lastname, address=123 Avenue, city=Buffalo, state=New York, zip=12345]
2021-11-16 13:31:08 INFO  UserServiceImpl:67 - registerUserInfo has been called for userInfo: UserInfo [user=-1, firstName=null, lastName=Lastname, address=123 Avenue, city=Buffalo, state=New York, zip=12345]
2021-11-16 13:31:08 INFO  UserServiceImpl:67 - registerUserInfo has been called for userInfo: UserInfo [user=-1, firstName=Firstname, lastName=null, address=123 Avenue, city=Buffalo, state=New York, zip=12345]
2021-11-16 13:31:08 INFO  UserServiceImpl:67 - registerUserInfo has been called for userInfo: UserInfo [user=-1, firstName=Firstname, lastName=Lastname, address=null, city=Buffalo, state=New York, zip=12345]
2021-11-16 13:31:08 INFO  UserServiceImpl:67 - registerUserInfo has been called for userInfo: UserInfo [user=-1, firstName=Firstname, lastName=Lastname, address=123 Avenue, city=null, state=New York, zip=12345]
2021-11-16 13:31:08 INFO  UserServiceImpl:67 - registerUserInfo has been called for userInfo: UserInfo [user=-1, firstName=Firstname, lastName=Lastname, address=123 Avenue, city=Buffalo, state=null, zip=12345]
2021-11-16 13:31:08 INFO  UserServiceImpl:67 - registerUserInfo has been called for userInfo: UserInfo [user=-1, firstName=Firstname, lastName=Lastname, address=123 Avenue, city=Buffalo, state=New York, zip=null]
2021-11-16 13:31:08 INFO  UserServiceImpl:179 - updatePasswordByEmail was called for user id: -1
2021-11-16 13:31:08 INFO  UserServiceImpl:179 - updatePasswordByEmail was called for user id: -1
2021-11-16 13:31:08 INFO  UserServiceImpl:179 - updatePasswordByEmail was called for user id: -1
2021-11-16 13:31:08 INFO  UserServiceImpl:179 - updatePasswordByEmail was called for user id: -1
2021-11-16 13:31:08 INFO  UserServiceImpl:179 - updatePasswordByEmail was called for user id: 0
2021-11-16 13:31:08 INFO  UserServiceImpl:179 - updatePasswordByEmail was called for user id: -1
2021-11-16 13:31:10 INFO  ForumServiceImpl:79 - getAllPosts called.
2021-11-16 13:31:10 INFO  ForumServiceImpl:79 - getAllPosts called.
2021-11-16 13:31:10 INFO  ForumServiceImpl:38 - createNewPost called for post: DiscussionPost [id=-1, title=post title, user=1]
2021-11-16 13:31:10 INFO  ForumServiceImpl:38 - createNewPost called for post: DiscussionPost [id=-1, title=, user=1]
2021-11-16 13:31:12 INFO  UserServiceImpl:114 - createOrUpdateCovidForm was called for user id: -1
2021-11-16 13:31:12 INFO  UserServiceImpl:114 - createOrUpdateCovidForm was called for user id: 78
2021-11-16 13:31:12 INFO  UserServiceImpl:114 - createOrUpdateCovidForm was called for user id: -1
2021-11-16 13:31:12 INFO  UserServiceImpl:114 - createOrUpdateCovidForm was called for user id: -1
2021-11-16 13:32:23 INFO  ClaimServiceImpl:37 - addClaim called for claim: Claim [id=-1, user=83, dateOfService=null, dateOfClaim=Tue Nov 16 13:32:23 PST 2021, amount=100.0, status=PENDING, description=test description]
2021-11-16 13:32:26 INFO  UserServiceImpl:67 - registerUserInfo has been called for userInfo: UserInfo [user=-1, firstName=Firstname, lastName=Lastname, address=123 Avenue, city=Buffalo, state=New York, zip=12345]
2021-11-16 13:32:26 INFO  UserServiceImpl:67 - registerUserInfo has been called for userInfo: UserInfo [user=-1, firstName=null, lastName=null, address=null, city=null, state=null, zip=null]
2021-11-16 13:32:26 INFO  UserServiceImpl:67 - registerUserInfo has been called for userInfo: UserInfo [user=0, firstName=Firstname, lastName=Lastname, address=123 Avenue, city=Buffalo, state=New York, zip=12345]
2021-11-16 13:32:26 INFO  UserServiceImpl:67 - registerUserInfo has been called for userInfo: UserInfo [user=-1, firstName=null, lastName=Lastname, address=123 Avenue, city=Buffalo, state=New York, zip=12345]
2021-11-16 13:32:26 INFO  UserServiceImpl:67 - registerUserInfo has been called for userInfo: UserInfo [user=-1, firstName=Firstname, lastName=null, address=123 Avenue, city=Buffalo, state=New York, zip=12345]
2021-11-16 13:32:26 INFO  UserServiceImpl:67 - registerUserInfo has been called for userInfo: UserInfo [user=-1, firstName=Firstname, lastName=Lastname, address=null, city=Buffalo, state=New York, zip=12345]
2021-11-16 13:32:26 INFO  UserServiceImpl:67 - registerUserInfo has been called for userInfo: UserInfo [user=-1, firstName=Firstname, lastName=Lastname, address=123 Avenue, city=null, state=New York, zip=12345]
2021-11-16 13:32:26 INFO  UserServiceImpl:67 - registerUserInfo has been called for userInfo: UserInfo [user=-1, firstName=Firstname, lastName=Lastname, address=123 Avenue, city=Buffalo, state=null, zip=12345]
2021-11-16 13:32:26 INFO  UserServiceImpl:67 - registerUserInfo has been called for userInfo: UserInfo [user=-1, firstName=Firstname, lastName=Lastname, address=123 Avenue, city=Buffalo, state=New York, zip=null]
2021-11-16 13:32:26 INFO  UserServiceImpl:179 - updatePasswordByEmail was called for user id: -1
2021-11-16 13:32:26 INFO  UserServiceImpl:179 - updatePasswordByEmail was called for user id: -1
2021-11-16 13:32:26 INFO  UserServiceImpl:179 - updatePasswordByEmail was called for user id: -1
2021-11-16 13:32:26 INFO  UserServiceImpl:179 - updatePasswordByEmail was called for user id: -1
2021-11-16 13:32:26 INFO  UserServiceImpl:179 - updatePasswordByEmail was called for user id: 0
2021-11-16 13:32:26 INFO  UserServiceImpl:179 - updatePasswordByEmail was called for user id: -1
2021-11-16 13:32:29 INFO  ForumServiceImpl:79 - getAllPosts called.
2021-11-16 13:32:29 INFO  ForumServiceImpl:79 - getAllPosts called.
2021-11-16 13:32:29 INFO  ForumServiceImpl:38 - createNewPost called for post: DiscussionPost [id=-1, title=post title, user=1]
2021-11-16 13:32:29 INFO  ForumServiceImpl:38 - createNewPost called for post: DiscussionPost [id=-1, title=, user=1]
2021-11-16 13:32:31 INFO  UserServiceImpl:114 - createOrUpdateCovidForm was called for user id: -1
2021-11-16 13:32:31 INFO  UserServiceImpl:114 - createOrUpdateCovidForm was called for user id: 78
2021-11-16 13:32:31 INFO  UserServiceImpl:114 - createOrUpdateCovidForm was called for user id: -1
2021-11-16 13:32:31 INFO  UserServiceImpl:114 - createOrUpdateCovidForm was called for user id: -1
2021-11-16 13:33:51 INFO  ClaimServiceImpl:37 - addClaim called for claim: Claim [id=-1, user=83, dateOfService=null, dateOfClaim=Tue Nov 16 13:33:51 PST 2021, amount=100.0, status=PENDING, description=test description]
2021-11-16 13:33:55 INFO  UserServiceImpl:67 - registerUserInfo has been called for userInfo: UserInfo [user=-1, firstName=Firstname, lastName=Lastname, address=123 Avenue, city=Buffalo, state=New York, zip=12345]
2021-11-16 13:33:55 INFO  UserServiceImpl:67 - registerUserInfo has been called for userInfo: UserInfo [user=-1, firstName=null, lastName=null, address=null, city=null, state=null, zip=null]
2021-11-16 13:33:55 INFO  UserServiceImpl:67 - registerUserInfo has been called for userInfo: UserInfo [user=0, firstName=Firstname, lastName=Lastname, address=123 Avenue, city=Buffalo, state=New York, zip=12345]
2021-11-16 13:33:55 INFO  UserServiceImpl:67 - registerUserInfo has been called for userInfo: UserInfo [user=-1, firstName=null, lastName=Lastname, address=123 Avenue, city=Buffalo, state=New York, zip=12345]
2021-11-16 13:33:55 INFO  UserServiceImpl:67 - registerUserInfo has been called for userInfo: UserInfo [user=-1, firstName=Firstname, lastName=null, address=123 Avenue, city=Buffalo, state=New York, zip=12345]
2021-11-16 13:33:55 INFO  UserServiceImpl:67 - registerUserInfo has been called for userInfo: UserInfo [user=-1, firstName=Firstname, lastName=Lastname, address=null, city=Buffalo, state=New York, zip=12345]
2021-11-16 13:33:55 INFO  UserServiceImpl:67 - registerUserInfo has been called for userInfo: UserInfo [user=-1, firstName=Firstname, lastName=Lastname, address=123 Avenue, city=null, state=New York, zip=12345]
2021-11-16 13:33:55 INFO  UserServiceImpl:67 - registerUserInfo has been called for userInfo: UserInfo [user=-1, firstName=Firstname, lastName=Lastname, address=123 Avenue, city=Buffalo, state=null, zip=12345]
2021-11-16 13:33:55 INFO  UserServiceImpl:67 - registerUserInfo has been called for userInfo: UserInfo [user=-1, firstName=Firstname, lastName=Lastname, address=123 Avenue, city=Buffalo, state=New York, zip=null]
2021-11-16 13:33:55 INFO  UserServiceImpl:179 - updatePasswordByEmail was called for user id: -1
2021-11-16 13:33:55 INFO  UserServiceImpl:179 - updatePasswordByEmail was called for user id: -1
2021-11-16 13:33:55 INFO  UserServiceImpl:179 - updatePasswordByEmail was called for user id: -1
2021-11-16 13:33:55 INFO  UserServiceImpl:179 - updatePasswordByEmail was called for user id: -1
2021-11-16 13:33:55 INFO  UserServiceImpl:179 - updatePasswordByEmail was called for user id: 0
2021-11-16 13:33:55 INFO  UserServiceImpl:179 - updatePasswordByEmail was called for user id: -1
2021-11-16 13:33:57 INFO  ForumServiceImpl:79 - getAllPosts called.
2021-11-16 13:33:57 INFO  ForumServiceImpl:79 - getAllPosts called.
2021-11-16 13:33:57 INFO  ForumServiceImpl:38 - createNewPost called for post: DiscussionPost [id=-1, title=post title, user=1]
2021-11-16 13:33:57 INFO  ForumServiceImpl:38 - createNewPost called for post: DiscussionPost [id=-1, title=, user=1]
2021-11-16 13:34:00 INFO  UserServiceImpl:114 - createOrUpdateCovidForm was called for user id: -1
2021-11-16 13:34:00 INFO  UserServiceImpl:114 - createOrUpdateCovidForm was called for user id: 78
2021-11-16 13:34:00 INFO  UserServiceImpl:114 - createOrUpdateCovidForm was called for user id: -1
2021-11-16 13:34:00 INFO  UserServiceImpl:114 - createOrUpdateCovidForm was called for user id: -1
2021-11-16 13:34:54 INFO  ClaimServiceImpl:37 - addClaim called for claim: Claim [id=-1, user=83, dateOfService=null, dateOfClaim=Tue Nov 16 13:34:54 PST 2021, amount=100.0, status=PENDING, description=test description]
2021-11-16 13:34:57 INFO  UserServiceImpl:67 - registerUserInfo has been called for userInfo: UserInfo [user=-1, firstName=Firstname, lastName=Lastname, address=123 Avenue, city=Buffalo, state=New York, zip=12345]
2021-11-16 13:34:57 INFO  UserServiceImpl:67 - registerUserInfo has been called for userInfo: UserInfo [user=-1, firstName=null, lastName=null, address=null, city=null, state=null, zip=null]
2021-11-16 13:34:57 INFO  UserServiceImpl:67 - registerUserInfo has been called for userInfo: UserInfo [user=0, firstName=Firstname, lastName=Lastname, address=123 Avenue, city=Buffalo, state=New York, zip=12345]
2021-11-16 13:34:57 INFO  UserServiceImpl:67 - registerUserInfo has been called for userInfo: UserInfo [user=-1, firstName=null, lastName=Lastname, address=123 Avenue, city=Buffalo, state=New York, zip=12345]
2021-11-16 13:34:57 INFO  UserServiceImpl:67 - registerUserInfo has been called for userInfo: UserInfo [user=-1, firstName=Firstname, lastName=null, address=123 Avenue, city=Buffalo, state=New York, zip=12345]
2021-11-16 13:34:57 INFO  UserServiceImpl:67 - registerUserInfo has been called for userInfo: UserInfo [user=-1, firstName=Firstname, lastName=Lastname, address=null, city=Buffalo, state=New York, zip=12345]
2021-11-16 13:34:57 INFO  UserServiceImpl:67 - registerUserInfo has been called for userInfo: UserInfo [user=-1, firstName=Firstname, lastName=Lastname, address=123 Avenue, city=null, state=New York, zip=12345]
2021-11-16 13:34:57 INFO  UserServiceImpl:67 - registerUserInfo has been called for userInfo: UserInfo [user=-1, firstName=Firstname, lastName=Lastname, address=123 Avenue, city=Buffalo, state=null, zip=12345]
2021-11-16 13:34:57 INFO  UserServiceImpl:67 - registerUserInfo has been called for userInfo: UserInfo [user=-1, firstName=Firstname, lastName=Lastname, address=123 Avenue, city=Buffalo, state=New York, zip=null]
2021-11-16 13:34:57 INFO  UserServiceImpl:179 - updatePasswordByEmail was called for user id: -1
2021-11-16 13:34:57 INFO  UserServiceImpl:179 - updatePasswordByEmail was called for user id: -1
2021-11-16 13:34:57 INFO  UserServiceImpl:179 - updatePasswordByEmail was called for user id: -1
2021-11-16 13:34:57 INFO  UserServiceImpl:179 - updatePasswordByEmail was called for user id: -1
2021-11-16 13:34:57 INFO  UserServiceImpl:179 - updatePasswordByEmail was called for user id: 0
2021-11-16 13:34:57 INFO  UserServiceImpl:179 - updatePasswordByEmail was called for user id: -1
2021-11-16 13:35:00 INFO  ForumServiceImpl:79 - getAllPosts called.
2021-11-16 13:35:00 INFO  ForumServiceImpl:79 - getAllPosts called.
2021-11-16 13:35:00 INFO  ForumServiceImpl:38 - createNewPost called for post: DiscussionPost [id=-1, title=post title, user=1]
2021-11-16 13:35:00 INFO  ForumServiceImpl:38 - createNewPost called for post: DiscussionPost [id=-1, title=, user=1]
2021-11-16 13:35:02 INFO  UserServiceImpl:114 - createOrUpdateCovidForm was called for user id: -1
2021-11-16 13:35:02 INFO  UserServiceImpl:114 - createOrUpdateCovidForm was called for user id: 78
2021-11-16 13:35:02 INFO  UserServiceImpl:114 - createOrUpdateCovidForm was called for user id: -1
2021-11-16 13:35:02 INFO  UserServiceImpl:114 - createOrUpdateCovidForm was called for user id: -1
2021-11-16 13:39:06 INFO  ClaimServiceImpl:37 - addClaim called for claim: Claim [id=-1, user=83, dateOfService=null, dateOfClaim=Tue Nov 16 13:39:06 PST 2021, amount=100.0, status=PENDING, description=test description]
2021-11-16 13:39:09 INFO  UserServiceImpl:67 - registerUserInfo has been called for userInfo: UserInfo [user=-1, firstName=Firstname, lastName=Lastname, address=123 Avenue, city=Buffalo, state=New York, zip=12345]
2021-11-16 13:39:09 INFO  UserServiceImpl:67 - registerUserInfo has been called for userInfo: UserInfo [user=-1, firstName=null, lastName=null, address=null, city=null, state=null, zip=null]
2021-11-16 13:39:09 INFO  UserServiceImpl:67 - registerUserInfo has been called for userInfo: UserInfo [user=0, firstName=Firstname, lastName=Lastname, address=123 Avenue, city=Buffalo, state=New York, zip=12345]
2021-11-16 13:39:09 INFO  UserServiceImpl:67 - registerUserInfo has been called for userInfo: UserInfo [user=-1, firstName=null, lastName=Lastname, address=123 Avenue, city=Buffalo, state=New York, zip=12345]
2021-11-16 13:39:09 INFO  UserServiceImpl:67 - registerUserInfo has been called for userInfo: UserInfo [user=-1, firstName=Firstname, lastName=null, address=123 Avenue, city=Buffalo, state=New York, zip=12345]
2021-11-16 13:39:09 INFO  UserServiceImpl:67 - registerUserInfo has been called for userInfo: UserInfo [user=-1, firstName=Firstname, lastName=Lastname, address=null, city=Buffalo, state=New York, zip=12345]
2021-11-16 13:39:09 INFO  UserServiceImpl:67 - registerUserInfo has been called for userInfo: UserInfo [user=-1, firstName=Firstname, lastName=Lastname, address=123 Avenue, city=null, state=New York, zip=12345]
2021-11-16 13:39:09 INFO  UserServiceImpl:67 - registerUserInfo has been called for userInfo: UserInfo [user=-1, firstName=Firstname, lastName=Lastname, address=123 Avenue, city=Buffalo, state=null, zip=12345]
2021-11-16 13:39:09 INFO  UserServiceImpl:67 - registerUserInfo has been called for userInfo: UserInfo [user=-1, firstName=Firstname, lastName=Lastname, address=123 Avenue, city=Buffalo, state=New York, zip=null]
2021-11-16 13:39:09 INFO  UserServiceImpl:179 - updatePasswordByEmail was called for user id: -1
2021-11-16 13:39:09 INFO  UserServiceImpl:179 - updatePasswordByEmail was called for user id: -1
2021-11-16 13:39:09 INFO  UserServiceImpl:179 - updatePasswordByEmail was called for user id: -1
2021-11-16 13:39:09 INFO  UserServiceImpl:179 - updatePasswordByEmail was called for user id: -1
2021-11-16 13:39:09 INFO  UserServiceImpl:179 - updatePasswordByEmail was called for user id: 0
2021-11-16 13:39:09 INFO  UserServiceImpl:179 - updatePasswordByEmail was called for user id: -1
2021-11-16 13:40:09 INFO  ClaimServiceImpl:37 - addClaim called for claim: Claim [id=-1, user=83, dateOfService=null, dateOfClaim=Tue Nov 16 13:40:09 PST 2021, amount=100.0, status=PENDING, description=test description]
2021-11-16 13:40:12 INFO  UserServiceImpl:67 - registerUserInfo has been called for userInfo: UserInfo [user=-1, firstName=Firstname, lastName=Lastname, address=123 Avenue, city=Buffalo, state=New York, zip=12345]
2021-11-16 13:40:12 INFO  UserServiceImpl:67 - registerUserInfo has been called for userInfo: UserInfo [user=-1, firstName=null, lastName=null, address=null, city=null, state=null, zip=null]
2021-11-16 13:40:12 INFO  UserServiceImpl:67 - registerUserInfo has been called for userInfo: UserInfo [user=0, firstName=Firstname, lastName=Lastname, address=123 Avenue, city=Buffalo, state=New York, zip=12345]
2021-11-16 13:40:12 INFO  UserServiceImpl:67 - registerUserInfo has been called for userInfo: UserInfo [user=-1, firstName=null, lastName=Lastname, address=123 Avenue, city=Buffalo, state=New York, zip=12345]
2021-11-16 13:40:12 INFO  UserServiceImpl:67 - registerUserInfo has been called for userInfo: UserInfo [user=-1, firstName=Firstname, lastName=null, address=123 Avenue, city=Buffalo, state=New York, zip=12345]
2021-11-16 13:40:12 INFO  UserServiceImpl:67 - registerUserInfo has been called for userInfo: UserInfo [user=-1, firstName=Firstname, lastName=Lastname, address=null, city=Buffalo, state=New York, zip=12345]
2021-11-16 13:40:12 INFO  UserServiceImpl:67 - registerUserInfo has been called for userInfo: UserInfo [user=-1, firstName=Firstname, lastName=Lastname, address=123 Avenue, city=null, state=New York, zip=12345]
2021-11-16 13:40:12 INFO  UserServiceImpl:67 - registerUserInfo has been called for userInfo: UserInfo [user=-1, firstName=Firstname, lastName=Lastname, address=123 Avenue, city=Buffalo, state=null, zip=12345]
2021-11-16 13:40:12 INFO  UserServiceImpl:67 - registerUserInfo has been called for userInfo: UserInfo [user=-1, firstName=Firstname, lastName=Lastname, address=123 Avenue, city=Buffalo, state=New York, zip=null]
2021-11-16 13:40:12 INFO  UserServiceImpl:179 - updatePasswordByEmail was called for user id: -1
2021-11-16 13:40:12 INFO  UserServiceImpl:179 - updatePasswordByEmail was called for user id: -1
2021-11-16 13:40:12 INFO  UserServiceImpl:179 - updatePasswordByEmail was called for user id: -1
2021-11-16 13:40:12 INFO  UserServiceImpl:179 - updatePasswordByEmail was called for user id: -1
2021-11-16 13:40:12 INFO  UserServiceImpl:179 - updatePasswordByEmail was called for user id: 0
2021-11-16 13:40:12 INFO  UserServiceImpl:179 - updatePasswordByEmail was called for user id: -1
2021-11-16 13:40:15 INFO  ForumServiceImpl:79 - getAllPosts called.
2021-11-16 13:40:15 INFO  ForumServiceImpl:79 - getAllPosts called.
2021-11-16 13:40:15 INFO  ForumServiceImpl:38 - createNewPost called for post: DiscussionPost [id=-1, title=post title, user=1]
2021-11-16 13:40:15 INFO  ForumServiceImpl:38 - createNewPost called for post: DiscussionPost [id=-1, title=, user=1]
2021-11-16 13:40:17 INFO  UserServiceImpl:114 - createOrUpdateCovidForm was called for user id: -1
2021-11-16 13:40:17 INFO  UserServiceImpl:114 - createOrUpdateCovidForm was called for user id: 78
2021-11-16 13:40:17 INFO  UserServiceImpl:114 - createOrUpdateCovidForm was called for user id: -1
2021-11-16 13:40:17 INFO  UserServiceImpl:114 - createOrUpdateCovidForm was called for user id: -1
2021-11-16 13:43:37 INFO  ClaimServiceImpl:37 - addClaim called for claim: Claim [id=-1, user=83, dateOfService=null, dateOfClaim=Tue Nov 16 13:43:37 PST 2021, amount=100.0, status=PENDING, description=test description]
2021-11-16 13:43:41 INFO  UserServiceImpl:67 - registerUserInfo has been called for userInfo: UserInfo [user=-1, firstName=Firstname, lastName=Lastname, address=123 Avenue, city=Buffalo, state=New York, zip=12345]
2021-11-16 13:43:41 INFO  UserServiceImpl:67 - registerUserInfo has been called for userInfo: UserInfo [user=-1, firstName=null, lastName=null, address=null, city=null, state=null, zip=null]
2021-11-16 13:43:41 INFO  UserServiceImpl:67 - registerUserInfo has been called for userInfo: UserInfo [user=0, firstName=Firstname, lastName=Lastname, address=123 Avenue, city=Buffalo, state=New York, zip=12345]
2021-11-16 13:43:41 INFO  UserServiceImpl:67 - registerUserInfo has been called for userInfo: UserInfo [user=-1, firstName=null, lastName=Lastname, address=123 Avenue, city=Buffalo, state=New York, zip=12345]
2021-11-16 13:43:41 INFO  UserServiceImpl:67 - registerUserInfo has been called for userInfo: UserInfo [user=-1, firstName=Firstname, lastName=null, address=123 Avenue, city=Buffalo, state=New York, zip=12345]
2021-11-16 13:43:41 INFO  UserServiceImpl:67 - registerUserInfo has been called for userInfo: UserInfo [user=-1, firstName=Firstname, lastName=Lastname, address=null, city=Buffalo, state=New York, zip=12345]
2021-11-16 13:43:41 INFO  UserServiceImpl:67 - registerUserInfo has been called for userInfo: UserInfo [user=-1, firstName=Firstname, lastName=Lastname, address=123 Avenue, city=null, state=New York, zip=12345]
2021-11-16 13:43:41 INFO  UserServiceImpl:67 - registerUserInfo has been called for userInfo: UserInfo [user=-1, firstName=Firstname, lastName=Lastname, address=123 Avenue, city=Buffalo, state=null, zip=12345]
2021-11-16 13:43:41 INFO  UserServiceImpl:67 - registerUserInfo has been called for userInfo: UserInfo [user=-1, firstName=Firstname, lastName=Lastname, address=123 Avenue, city=Buffalo, state=New York, zip=null]
2021-11-16 13:43:41 INFO  UserServiceImpl:179 - updatePasswordByEmail was called for user id: -1
2021-11-16 13:43:41 INFO  UserServiceImpl:179 - updatePasswordByEmail was called for user id: -1
2021-11-16 13:43:41 INFO  UserServiceImpl:179 - updatePasswordByEmail was called for user id: -1
2021-11-16 13:43:41 INFO  UserServiceImpl:179 - updatePasswordByEmail was called for user id: -1
2021-11-16 13:43:41 INFO  UserServiceImpl:179 - updatePasswordByEmail was called for user id: 0
2021-11-16 13:43:41 INFO  UserServiceImpl:179 - updatePasswordByEmail was called for user id: -1
2021-11-16 13:43:45 INFO  ForumServiceImpl:79 - getAllPosts called.
2021-11-16 13:43:45 INFO  ForumServiceImpl:79 - getAllPosts called.
2021-11-16 13:43:45 INFO  ForumServiceImpl:38 - createNewPost called for post: DiscussionPost [id=-1, title=post title, user=1]
2021-11-16 13:43:45 INFO  ForumServiceImpl:38 - createNewPost called for post: DiscussionPost [id=-1, title=, user=1]
2021-11-16 13:43:47 INFO  UserServiceImpl:114 - createOrUpdateCovidForm was called for user id: -1
2021-11-16 13:43:47 INFO  UserServiceImpl:114 - createOrUpdateCovidForm was called for user id: 78
2021-11-16 13:43:47 INFO  UserServiceImpl:114 - createOrUpdateCovidForm was called for user id: -1
2021-11-16 13:43:47 INFO  UserServiceImpl:114 - createOrUpdateCovidForm was called for user id: -1
2021-11-16 13:44:40 INFO  ClaimServiceImpl:37 - addClaim called for claim: Claim [id=-1, user=83, dateOfService=null, dateOfClaim=Tue Nov 16 13:44:40 PST 2021, amount=100.0, status=PENDING, description=test description]
2021-11-16 13:44:43 INFO  UserServiceImpl:67 - registerUserInfo has been called for userInfo: UserInfo [user=-1, firstName=Firstname, lastName=Lastname, address=123 Avenue, city=Buffalo, state=New York, zip=12345]
2021-11-16 13:44:43 INFO  UserServiceImpl:67 - registerUserInfo has been called for userInfo: UserInfo [user=-1, firstName=null, lastName=null, address=null, city=null, state=null, zip=null]
2021-11-16 13:44:43 INFO  UserServiceImpl:67 - registerUserInfo has been called for userInfo: UserInfo [user=0, firstName=Firstname, lastName=Lastname, address=123 Avenue, city=Buffalo, state=New York, zip=12345]
2021-11-16 13:44:43 INFO  UserServiceImpl:67 - registerUserInfo has been called for userInfo: UserInfo [user=-1, firstName=null, lastName=Lastname, address=123 Avenue, city=Buffalo, state=New York, zip=12345]
2021-11-16 13:44:43 INFO  UserServiceImpl:67 - registerUserInfo has been called for userInfo: UserInfo [user=-1, firstName=Firstname, lastName=null, address=123 Avenue, city=Buffalo, state=New York, zip=12345]
2021-11-16 13:44:43 INFO  UserServiceImpl:67 - registerUserInfo has been called for userInfo: UserInfo [user=-1, firstName=Firstname, lastName=Lastname, address=null, city=Buffalo, state=New York, zip=12345]
2021-11-16 13:44:43 INFO  UserServiceImpl:67 - registerUserInfo has been called for userInfo: UserInfo [user=-1, firstName=Firstname, lastName=Lastname, address=123 Avenue, city=null, state=New York, zip=12345]
2021-11-16 13:44:43 INFO  UserServiceImpl:67 - registerUserInfo has been called for userInfo: UserInfo [user=-1, firstName=Firstname, lastName=Lastname, address=123 Avenue, city=Buffalo, state=null, zip=12345]
2021-11-16 13:44:43 INFO  UserServiceImpl:67 - registerUserInfo has been called for userInfo: UserInfo [user=-1, firstName=Firstname, lastName=Lastname, address=123 Avenue, city=Buffalo, state=New York, zip=null]
2021-11-16 13:44:43 INFO  UserServiceImpl:179 - updatePasswordByEmail was called for user id: -1
2021-11-16 13:44:43 INFO  UserServiceImpl:179 - updatePasswordByEmail was called for user id: -1
2021-11-16 13:44:43 INFO  UserServiceImpl:179 - updatePasswordByEmail was called for user id: -1
2021-11-16 13:44:43 INFO  UserServiceImpl:179 - updatePasswordByEmail was called for user id: -1
2021-11-16 13:44:43 INFO  UserServiceImpl:179 - updatePasswordByEmail was called for user id: 0
2021-11-16 13:44:43 INFO  UserServiceImpl:179 - updatePasswordByEmail was called for user id: -1
2021-11-16 13:44:46 INFO  ForumServiceImpl:79 - getAllPosts called.
2021-11-16 13:44:46 INFO  ForumServiceImpl:79 - getAllPosts called.
2021-11-16 13:44:46 INFO  ForumServiceImpl:38 - createNewPost called for post: DiscussionPost [id=-1, title=post title, user=1]
2021-11-16 13:44:46 INFO  ForumServiceImpl:38 - createNewPost called for post: DiscussionPost [id=-1, title=, user=1]
2021-11-16 13:44:49 INFO  UserServiceImpl:114 - createOrUpdateCovidForm was called for user id: -1
2021-11-16 13:44:49 INFO  UserServiceImpl:114 - createOrUpdateCovidForm was called for user id: 78
2021-11-16 13:44:49 INFO  UserServiceImpl:114 - createOrUpdateCovidForm was called for user id: -1
2021-11-16 13:44:49 INFO  UserServiceImpl:114 - createOrUpdateCovidForm was called for user id: -1
2021-11-16 13:50:23 INFO  ClaimServiceImpl:37 - addClaim called for claim: Claim [id=-1, user=83, dateOfService=null, dateOfClaim=Tue Nov 16 13:50:23 PST 2021, amount=100.0, status=PENDING, description=test description]
2021-11-16 13:50:26 INFO  UserServiceImpl:67 - registerUserInfo has been called for userInfo: UserInfo [user=-1, firstName=Firstname, lastName=Lastname, address=123 Avenue, city=Buffalo, state=New York, zip=12345]
2021-11-16 13:50:26 INFO  UserServiceImpl:67 - registerUserInfo has been called for userInfo: UserInfo [user=-1, firstName=null, lastName=null, address=null, city=null, state=null, zip=null]
2021-11-16 13:50:26 INFO  UserServiceImpl:67 - registerUserInfo has been called for userInfo: UserInfo [user=0, firstName=Firstname, lastName=Lastname, address=123 Avenue, city=Buffalo, state=New York, zip=12345]
2021-11-16 13:50:26 INFO  UserServiceImpl:67 - registerUserInfo has been called for userInfo: UserInfo [user=-1, firstName=null, lastName=Lastname, address=123 Avenue, city=Buffalo, state=New York, zip=12345]
2021-11-16 13:50:26 INFO  UserServiceImpl:67 - registerUserInfo has been called for userInfo: UserInfo [user=-1, firstName=Firstname, lastName=null, address=123 Avenue, city=Buffalo, state=New York, zip=12345]
2021-11-16 13:50:26 INFO  UserServiceImpl:67 - registerUserInfo has been called for userInfo: UserInfo [user=-1, firstName=Firstname, lastName=Lastname, address=null, city=Buffalo, state=New York, zip=12345]
2021-11-16 13:50:26 INFO  UserServiceImpl:67 - registerUserInfo has been called for userInfo: UserInfo [user=-1, firstName=Firstname, lastName=Lastname, address=123 Avenue, city=null, state=New York, zip=12345]
2021-11-16 13:50:26 INFO  UserServiceImpl:67 - registerUserInfo has been called for userInfo: UserInfo [user=-1, firstName=Firstname, lastName=Lastname, address=123 Avenue, city=Buffalo, state=null, zip=12345]
2021-11-16 13:50:26 INFO  UserServiceImpl:67 - registerUserInfo has been called for userInfo: UserInfo [user=-1, firstName=Firstname, lastName=Lastname, address=123 Avenue, city=Buffalo, state=New York, zip=null]
2021-11-16 13:50:26 INFO  UserServiceImpl:179 - updatePasswordByEmail was called for user id: -1
2021-11-16 13:50:26 INFO  UserServiceImpl:179 - updatePasswordByEmail was called for user id: -1
2021-11-16 13:50:26 INFO  UserServiceImpl:179 - updatePasswordByEmail was called for user id: -1
2021-11-16 13:50:26 INFO  UserServiceImpl:179 - updatePasswordByEmail was called for user id: -1
2021-11-16 13:50:26 INFO  UserServiceImpl:179 - updatePasswordByEmail was called for user id: 0
2021-11-16 13:50:26 INFO  UserServiceImpl:179 - updatePasswordByEmail was called for user id: -1
2021-11-16 13:50:29 INFO  ForumServiceImpl:79 - getAllPosts called.
2021-11-16 13:50:29 INFO  ForumServiceImpl:79 - getAllPosts called.
2021-11-16 13:50:29 INFO  ForumServiceImpl:38 - createNewPost called for post: DiscussionPost [id=-1, title=post title, user=1]
2021-11-16 13:50:29 INFO  ForumServiceImpl:38 - createNewPost called for post: DiscussionPost [id=-1, title=, user=1]
2021-11-16 13:50:31 INFO  UserServiceImpl:114 - createOrUpdateCovidForm was called for user id: -1
2021-11-16 13:50:31 INFO  UserServiceImpl:114 - createOrUpdateCovidForm was called for user id: 78
2021-11-16 13:50:31 INFO  UserServiceImpl:114 - createOrUpdateCovidForm was called for user id: -1
2021-11-16 13:50:31 INFO  UserServiceImpl:114 - createOrUpdateCovidForm was called for user id: -1
2021-11-16 14:15:49 INFO  ClaimServiceImpl:37 - addClaim called for claim: Claim [id=-1, user=83, dateOfService=null, dateOfClaim=Tue Nov 16 14:15:49 PST 2021, amount=100.0, status=PENDING, description=test description]
2021-11-16 14:15:53 INFO  UserServiceImpl:67 - registerUserInfo has been called for userInfo: UserInfo [user=-1, firstName=Firstname, lastName=Lastname, address=123 Avenue, city=Buffalo, state=New York, zip=12345]
2021-11-16 14:15:53 INFO  UserServiceImpl:67 - registerUserInfo has been called for userInfo: UserInfo [user=-1, firstName=null, lastName=null, address=null, city=null, state=null, zip=null]
2021-11-16 14:15:53 INFO  UserServiceImpl:67 - registerUserInfo has been called for userInfo: UserInfo [user=0, firstName=Firstname, lastName=Lastname, address=123 Avenue, city=Buffalo, state=New York, zip=12345]
2021-11-16 14:15:53 INFO  UserServiceImpl:67 - registerUserInfo has been called for userInfo: UserInfo [user=-1, firstName=null, lastName=Lastname, address=123 Avenue, city=Buffalo, state=New York, zip=12345]
2021-11-16 14:15:53 INFO  UserServiceImpl:67 - registerUserInfo has been called for userInfo: UserInfo [user=-1, firstName=Firstname, lastName=null, address=123 Avenue, city=Buffalo, state=New York, zip=12345]
2021-11-16 14:15:53 INFO  UserServiceImpl:67 - registerUserInfo has been called for userInfo: UserInfo [user=-1, firstName=Firstname, lastName=Lastname, address=null, city=Buffalo, state=New York, zip=12345]
2021-11-16 14:15:53 INFO  UserServiceImpl:67 - registerUserInfo has been called for userInfo: UserInfo [user=-1, firstName=Firstname, lastName=Lastname, address=123 Avenue, city=null, state=New York, zip=12345]
2021-11-16 14:15:53 INFO  UserServiceImpl:67 - registerUserInfo has been called for userInfo: UserInfo [user=-1, firstName=Firstname, lastName=Lastname, address=123 Avenue, city=Buffalo, state=null, zip=12345]
2021-11-16 14:15:53 INFO  UserServiceImpl:67 - registerUserInfo has been called for userInfo: UserInfo [user=-1, firstName=Firstname, lastName=Lastname, address=123 Avenue, city=Buffalo, state=New York, zip=null]
2021-11-16 14:15:53 INFO  UserServiceImpl:179 - updatePasswordByEmail was called for user id: -1
2021-11-16 14:15:53 INFO  UserServiceImpl:179 - updatePasswordByEmail was called for user id: -1
2021-11-16 14:15:53 INFO  UserServiceImpl:179 - updatePasswordByEmail was called for user id: -1
2021-11-16 14:15:53 INFO  UserServiceImpl:179 - updatePasswordByEmail was called for user id: -1
2021-11-16 14:15:53 INFO  UserServiceImpl:179 - updatePasswordByEmail was called for user id: 0
2021-11-16 14:15:53 INFO  UserServiceImpl:179 - updatePasswordByEmail was called for user id: -1
2021-11-16 14:15:57 INFO  ForumServiceImpl:79 - getAllPosts called.
2021-11-16 14:15:57 INFO  ForumServiceImpl:79 - getAllPosts called.
2021-11-16 14:15:57 INFO  ForumServiceImpl:38 - createNewPost called for post: DiscussionPost [id=-1, title=post title, user=1]
2021-11-16 14:15:57 INFO  ForumServiceImpl:38 - createNewPost called for post: DiscussionPost [id=-1, title=, user=1]
2021-11-16 14:15:59 INFO  UserServiceImpl:114 - createOrUpdateCovidForm was called for user id: -1
2021-11-16 14:15:59 INFO  UserServiceImpl:114 - createOrUpdateCovidForm was called for user id: 78
2021-11-16 14:15:59 INFO  UserServiceImpl:114 - createOrUpdateCovidForm was called for user id: -1
2021-11-16 14:15:59 INFO  UserServiceImpl:114 - createOrUpdateCovidForm was called for user id: -1
2021-11-16 14:16:01 INFO  UserServiceImpl:100 - updateUserInfo called for user id: + 1
2021-11-16 14:16:01 INFO  UserServiceImpl:100 - updateUserInfo called for user id: + -1
2021-11-16 14:16:01 INFO  UserServiceImpl:100 - updateUserInfo called for user id: + 3
2021-11-16 14:16:01 INFO  UserServiceImpl:100 - updateUserInfo called for user id: + -2
2021-11-16 14:22:40 INFO  UserServiceImpl:67 - registerUserInfo has been called for userInfo: UserInfo [user=-1, firstName=Firstname, lastName=Lastname, address=123 Avenue, city=Buffalo, state=New York, zip=12345]
2021-11-16 14:22:40 INFO  UserServiceImpl:67 - registerUserInfo has been called for userInfo: UserInfo [user=-1, firstName=null, lastName=null, address=null, city=null, state=null, zip=null]
2021-11-16 14:22:40 INFO  UserServiceImpl:67 - registerUserInfo has been called for userInfo: UserInfo [user=0, firstName=Firstname, lastName=Lastname, address=123 Avenue, city=Buffalo, state=New York, zip=12345]
2021-11-16 14:22:40 INFO  UserServiceImpl:67 - registerUserInfo has been called for userInfo: UserInfo [user=-1, firstName=null, lastName=Lastname, address=123 Avenue, city=Buffalo, state=New York, zip=12345]
2021-11-16 14:22:40 INFO  UserServiceImpl:67 - registerUserInfo has been called for userInfo: UserInfo [user=-1, firstName=Firstname, lastName=null, address=123 Avenue, city=Buffalo, state=New York, zip=12345]
2021-11-16 14:22:40 INFO  UserServiceImpl:67 - registerUserInfo has been called for userInfo: UserInfo [user=-1, firstName=Firstname, lastName=Lastname, address=null, city=Buffalo, state=New York, zip=12345]
2021-11-16 14:22:40 INFO  UserServiceImpl:67 - registerUserInfo has been called for userInfo: UserInfo [user=-1, firstName=Firstname, lastName=Lastname, address=123 Avenue, city=null, state=New York, zip=12345]
2021-11-16 14:22:40 INFO  UserServiceImpl:67 - registerUserInfo has been called for userInfo: UserInfo [user=-1, firstName=Firstname, lastName=Lastname, address=123 Avenue, city=Buffalo, state=null, zip=12345]
2021-11-16 14:22:40 INFO  UserServiceImpl:67 - registerUserInfo has been called for userInfo: UserInfo [user=-1, firstName=Firstname, lastName=Lastname, address=123 Avenue, city=Buffalo, state=New York, zip=null]
2021-11-16 14:22:40 INFO  UserServiceImpl:179 - updatePasswordByEmail was called for user id: -1
2021-11-16 14:22:40 INFO  UserServiceImpl:179 - updatePasswordByEmail was called for user id: -1
2021-11-16 14:22:40 INFO  UserServiceImpl:179 - updatePasswordByEmail was called for user id: -1
2021-11-16 14:22:40 INFO  UserServiceImpl:179 - updatePasswordByEmail was called for user id: -1
2021-11-16 14:22:40 INFO  UserServiceImpl:179 - updatePasswordByEmail was called for user id: 0
2021-11-16 14:22:40 INFO  UserServiceImpl:179 - updatePasswordByEmail was called for user id: -1
2021-11-16 14:22:46 INFO  UserServiceImpl:114 - createOrUpdateCovidForm was called for user id: -1
2021-11-16 14:22:46 INFO  UserServiceImpl:114 - createOrUpdateCovidForm was called for user id: 78
2021-11-16 14:22:46 INFO  UserServiceImpl:114 - createOrUpdateCovidForm was called for user id: -1
2021-11-16 14:22:46 INFO  UserServiceImpl:114 - createOrUpdateCovidForm was called for user id: -1
2021-11-16 14:22:47 INFO  UserServiceImpl:88 - updateEmail has been called for user id: 1
2021-11-16 14:22:47 INFO  UserServiceImpl:100 - updateUserInfo called for user id: + 1
2021-11-16 14:22:47 INFO  UserServiceImpl:100 - updateUserInfo called for user id: + -1
2021-11-16 14:22:47 INFO  UserServiceImpl:100 - updateUserInfo called for user id: + 3
2021-11-16 14:22:47 INFO  UserServiceImpl:100 - updateUserInfo called for user id: + -2
2021-11-16 14:43:46 INFO  ClaimServiceImpl:37 - addClaim called for claim: Claim [id=-1, user=83, dateOfService=null, dateOfClaim=Tue Nov 16 14:43:46 PST 2021, amount=100.0, status=PENDING, description=test description]
2021-11-16 14:43:50 INFO  UserServiceImpl:67 - registerUserInfo has been called for userInfo: UserInfo [user=-1, firstName=Firstname, lastName=Lastname, address=123 Avenue, city=Buffalo, state=New York, zip=12345]
2021-11-16 14:43:50 INFO  UserServiceImpl:67 - registerUserInfo has been called for userInfo: UserInfo [user=-1, firstName=null, lastName=null, address=null, city=null, state=null, zip=null]
2021-11-16 14:43:50 INFO  UserServiceImpl:67 - registerUserInfo has been called for userInfo: UserInfo [user=0, firstName=Firstname, lastName=Lastname, address=123 Avenue, city=Buffalo, state=New York, zip=12345]
2021-11-16 14:43:50 INFO  UserServiceImpl:67 - registerUserInfo has been called for userInfo: UserInfo [user=-1, firstName=null, lastName=Lastname, address=123 Avenue, city=Buffalo, state=New York, zip=12345]
2021-11-16 14:43:50 INFO  UserServiceImpl:67 - registerUserInfo has been called for userInfo: UserInfo [user=-1, firstName=Firstname, lastName=null, address=123 Avenue, city=Buffalo, state=New York, zip=12345]
2021-11-16 14:43:50 INFO  UserServiceImpl:67 - registerUserInfo has been called for userInfo: UserInfo [user=-1, firstName=Firstname, lastName=Lastname, address=null, city=Buffalo, state=New York, zip=12345]
2021-11-16 14:43:50 INFO  UserServiceImpl:67 - registerUserInfo has been called for userInfo: UserInfo [user=-1, firstName=Firstname, lastName=Lastname, address=123 Avenue, city=null, state=New York, zip=12345]
2021-11-16 14:43:50 INFO  UserServiceImpl:67 - registerUserInfo has been called for userInfo: UserInfo [user=-1, firstName=Firstname, lastName=Lastname, address=123 Avenue, city=Buffalo, state=null, zip=12345]
2021-11-16 14:43:50 INFO  UserServiceImpl:67 - registerUserInfo has been called for userInfo: UserInfo [user=-1, firstName=Firstname, lastName=Lastname, address=123 Avenue, city=Buffalo, state=New York, zip=null]
2021-11-16 14:43:50 INFO  UserServiceImpl:179 - updatePasswordByEmail was called for user id: -1
2021-11-16 14:43:50 INFO  UserServiceImpl:179 - updatePasswordByEmail was called for user id: -1
2021-11-16 14:43:50 INFO  UserServiceImpl:179 - updatePasswordByEmail was called for user id: -1
2021-11-16 14:43:50 INFO  UserServiceImpl:179 - updatePasswordByEmail was called for user id: -1
2021-11-16 14:43:50 INFO  UserServiceImpl:179 - updatePasswordByEmail was called for user id: 0
2021-11-16 14:43:50 INFO  UserServiceImpl:179 - updatePasswordByEmail was called for user id: -1
2021-11-16 14:43:52 INFO  ForumServiceImpl:79 - getAllPosts called.
2021-11-16 14:43:52 INFO  ForumServiceImpl:79 - getAllPosts called.
2021-11-16 14:43:52 INFO  ForumServiceImpl:38 - createNewPost called for post: DiscussionPost [id=-1, title=post title, user=1]
2021-11-16 14:43:52 INFO  ForumServiceImpl:38 - createNewPost called for post: DiscussionPost [id=-1, title=, user=1]
2021-11-16 14:43:55 INFO  UserServiceImpl:114 - createOrUpdateCovidForm was called for user id: -1
2021-11-16 14:43:55 INFO  UserServiceImpl:114 - createOrUpdateCovidForm was called for user id: 78
2021-11-16 14:43:55 INFO  UserServiceImpl:114 - createOrUpdateCovidForm was called for user id: -1
2021-11-16 14:43:55 INFO  UserServiceImpl:114 - createOrUpdateCovidForm was called for user id: -1
2021-11-16 14:43:57 INFO  UserServiceImpl:88 - updateEmail has been called for user id: 1
2021-11-16 14:43:57 INFO  UserServiceImpl:88 - updateEmail has been called for user id: -1
2021-11-16 14:43:57 INFO  UserServiceImpl:88 - updateEmail has been called for user id: 5
2021-11-16 14:43:57 INFO  UserServiceImpl:88 - updateEmail has been called for user id: 6
2021-11-16 14:43:57 INFO  UserServiceImpl:100 - updateUserInfo called for user id: + 1
2021-11-16 14:43:57 INFO  UserServiceImpl:100 - updateUserInfo called for user id: + -1
2021-11-16 14:43:57 INFO  UserServiceImpl:100 - updateUserInfo called for user id: + 3
2021-11-16 14:43:57 INFO  UserServiceImpl:100 - updateUserInfo called for user id: + -2
2021-11-16 15:01:26 INFO  ClaimServiceImpl:37 - addClaim called for claim: Claim [id=-1, user=83, dateOfService=null, dateOfClaim=Tue Nov 16 15:01:26 PST 2021, amount=100.0, status=PENDING, description=test description]
2021-11-16 15:01:30 INFO  ForumServiceImpl:79 - getAllPosts called.
2021-11-16 15:01:30 INFO  ForumServiceImpl:79 - getAllPosts called.
2021-11-16 15:01:30 INFO  ForumServiceImpl:38 - createNewPost called for post: DiscussionPost [id=-1, title=post title, user=1]
2021-11-16 15:01:30 INFO  ForumServiceImpl:38 - createNewPost called for post: DiscussionPost [id=-1, title=, user=1]
2021-11-16 15:01:32 INFO  UserServiceImpl:67 - registerUserInfo has been called for userInfo: UserInfo [user=-1, firstName=Firstname, lastName=Lastname, address=123 Avenue, city=Buffalo, state=New York, zip=12345]
2021-11-16 15:01:32 INFO  UserServiceImpl:67 - registerUserInfo has been called for userInfo: UserInfo [user=-1, firstName=null, lastName=null, address=null, city=null, state=null, zip=null]
2021-11-16 15:01:32 INFO  UserServiceImpl:67 - registerUserInfo has been called for userInfo: UserInfo [user=0, firstName=Firstname, lastName=Lastname, address=123 Avenue, city=Buffalo, state=New York, zip=12345]
2021-11-16 15:01:32 INFO  UserServiceImpl:67 - registerUserInfo has been called for userInfo: UserInfo [user=-1, firstName=null, lastName=Lastname, address=123 Avenue, city=Buffalo, state=New York, zip=12345]
2021-11-16 15:01:32 INFO  UserServiceImpl:67 - registerUserInfo has been called for userInfo: UserInfo [user=-1, firstName=Firstname, lastName=null, address=123 Avenue, city=Buffalo, state=New York, zip=12345]
2021-11-16 15:01:32 INFO  UserServiceImpl:67 - registerUserInfo has been called for userInfo: UserInfo [user=-1, firstName=Firstname, lastName=Lastname, address=null, city=Buffalo, state=New York, zip=12345]
2021-11-16 15:01:32 INFO  UserServiceImpl:67 - registerUserInfo has been called for userInfo: UserInfo [user=-1, firstName=Firstname, lastName=Lastname, address=123 Avenue, city=null, state=New York, zip=12345]
2021-11-16 15:01:32 INFO  UserServiceImpl:67 - registerUserInfo has been called for userInfo: UserInfo [user=-1, firstName=Firstname, lastName=Lastname, address=123 Avenue, city=Buffalo, state=null, zip=12345]
2021-11-16 15:01:32 INFO  UserServiceImpl:67 - registerUserInfo has been called for userInfo: UserInfo [user=-1, firstName=Firstname, lastName=Lastname, address=123 Avenue, city=Buffalo, state=New York, zip=null]
2021-11-16 15:01:33 INFO  UserServiceImpl:179 - updatePasswordByEmail was called for user id: -1
2021-11-16 15:01:33 INFO  UserServiceImpl:179 - updatePasswordByEmail was called for user id: -1
2021-11-16 15:01:33 INFO  UserServiceImpl:179 - updatePasswordByEmail was called for user id: -1
2021-11-16 15:01:33 INFO  UserServiceImpl:179 - updatePasswordByEmail was called for user id: -1
2021-11-16 15:01:33 INFO  UserServiceImpl:179 - updatePasswordByEmail was called for user id: 0
2021-11-16 15:01:33 INFO  UserServiceImpl:179 - updatePasswordByEmail was called for user id: -1
2021-11-16 15:01:35 INFO  UserServiceImpl:67 - registerUserInfo has been called for userInfo: UserInfo [user=-1, firstName=Firstname, lastName=Lastname, address=123 Avenue, city=Buffalo, state=New York, zip=12345]
2021-11-16 15:01:35 INFO  UserServiceImpl:67 - registerUserInfo has been called for userInfo: UserInfo [user=-1, firstName=null, lastName=null, address=null, city=null, state=null, zip=null]
2021-11-16 15:01:35 INFO  UserServiceImpl:67 - registerUserInfo has been called for userInfo: UserInfo [user=0, firstName=Firstname, lastName=Lastname, address=123 Avenue, city=Buffalo, state=New York, zip=12345]
2021-11-16 15:01:35 INFO  UserServiceImpl:67 - registerUserInfo has been called for userInfo: UserInfo [user=-1, firstName=null, lastName=Lastname, address=123 Avenue, city=Buffalo, state=New York, zip=12345]
2021-11-16 15:01:35 INFO  UserServiceImpl:67 - registerUserInfo has been called for userInfo: UserInfo [user=-1, firstName=Firstname, lastName=null, address=123 Avenue, city=Buffalo, state=New York, zip=12345]
2021-11-16 15:01:35 INFO  UserServiceImpl:67 - registerUserInfo has been called for userInfo: UserInfo [user=-1, firstName=Firstname, lastName=Lastname, address=null, city=Buffalo, state=New York, zip=12345]
2021-11-16 15:01:35 INFO  UserServiceImpl:67 - registerUserInfo has been called for userInfo: UserInfo [user=-1, firstName=Firstname, lastName=Lastname, address=123 Avenue, city=null, state=New York, zip=12345]
2021-11-16 15:01:35 INFO  UserServiceImpl:67 - registerUserInfo has been called for userInfo: UserInfo [user=-1, firstName=Firstname, lastName=Lastname, address=123 Avenue, city=Buffalo, state=null, zip=12345]
2021-11-16 15:01:35 INFO  UserServiceImpl:67 - registerUserInfo has been called for userInfo: UserInfo [user=-1, firstName=Firstname, lastName=Lastname, address=123 Avenue, city=Buffalo, state=New York, zip=null]
2021-11-16 15:01:35 INFO  UserServiceImpl:88 - updateEmail has been called for user id: 1
2021-11-16 15:01:35 INFO  UserServiceImpl:88 - updateEmail has been called for user id: -1
2021-11-16 15:01:35 INFO  UserServiceImpl:88 - updateEmail has been called for user id: 5
2021-11-16 15:01:35 INFO  UserServiceImpl:88 - updateEmail has been called for user id: 6
2021-11-16 15:01:35 INFO  UserServiceImpl:100 - updateUserInfo called for user id: + 1
2021-11-16 15:01:35 INFO  UserServiceImpl:100 - updateUserInfo called for user id: + -1
2021-11-16 15:01:35 INFO  UserServiceImpl:100 - updateUserInfo called for user id: + 3
2021-11-16 15:01:35 INFO  UserServiceImpl:100 - updateUserInfo called for user id: + -2
2021-11-16 15:01:35 INFO  UserServiceImpl:179 - updatePasswordByEmail was called for user id: -1
2021-11-16 15:01:35 INFO  UserServiceImpl:179 - updatePasswordByEmail was called for user id: -1
2021-11-16 15:01:35 INFO  UserServiceImpl:179 - updatePasswordByEmail was called for user id: -1
2021-11-16 15:01:35 INFO  UserServiceImpl:179 - updatePasswordByEmail was called for user id: -1
2021-11-16 15:01:35 INFO  UserServiceImpl:179 - updatePasswordByEmail was called for user id: 0
2021-11-16 15:01:35 INFO  UserServiceImpl:179 - updatePasswordByEmail was called for user id: -1
2021-11-16 15:01:35 INFO  UserServiceImpl:114 - createOrUpdateCovidForm was called for user id: -1
2021-11-16 15:01:35 INFO  UserServiceImpl:114 - createOrUpdateCovidForm was called for user id: 78
2021-11-16 15:01:35 INFO  UserServiceImpl:114 - createOrUpdateCovidForm was called for user id: -1
2021-11-16 15:01:35 INFO  UserServiceImpl:114 - createOrUpdateCovidForm was called for user id: -1
2021-11-16 15:01:35 INFO  UserServiceImpl:88 - updateEmail has been called for user id: 1
2021-11-16 15:01:35 INFO  UserServiceImpl:88 - updateEmail has been called for user id: -1
2021-11-16 15:01:35 INFO  UserServiceImpl:88 - updateEmail has been called for user id: 5
2021-11-16 15:01:35 INFO  UserServiceImpl:88 - updateEmail has been called for user id: 6
2021-11-16 15:01:35 INFO  UserServiceImpl:100 - updateUserInfo called for user id: + 1
2021-11-16 15:01:35 INFO  UserServiceImpl:100 - updateUserInfo called for user id: + -1
2021-11-16 15:01:35 INFO  UserServiceImpl:100 - updateUserInfo called for user id: + 3
2021-11-16 15:01:35 INFO  UserServiceImpl:100 - updateUserInfo called for user id: + -2
2021-11-16 15:04:10 INFO  ClaimServiceImpl:37 - addClaim called for claim: Claim [id=-1, user=83, dateOfService=null, dateOfClaim=Tue Nov 16 15:04:10 PST 2021, amount=100.0, status=PENDING, description=test description]
2021-11-16 15:04:13 INFO  ForumServiceImpl:79 - getAllPosts called.
2021-11-16 15:04:13 INFO  ForumServiceImpl:79 - getAllPosts called.
2021-11-16 15:04:13 INFO  ForumServiceImpl:38 - createNewPost called for post: DiscussionPost [id=-1, title=post title, user=1]
2021-11-16 15:04:13 INFO  ForumServiceImpl:38 - createNewPost called for post: DiscussionPost [id=-1, title=, user=1]
2021-11-16 15:04:16 INFO  UserServiceImpl:67 - registerUserInfo has been called for userInfo: UserInfo [user=-1, firstName=Firstname, lastName=Lastname, address=123 Avenue, city=Buffalo, state=New York, zip=12345]
2021-11-16 15:04:16 INFO  UserServiceImpl:67 - registerUserInfo has been called for userInfo: UserInfo [user=-1, firstName=null, lastName=null, address=null, city=null, state=null, zip=null]
2021-11-16 15:04:16 INFO  UserServiceImpl:67 - registerUserInfo has been called for userInfo: UserInfo [user=0, firstName=Firstname, lastName=Lastname, address=123 Avenue, city=Buffalo, state=New York, zip=12345]
2021-11-16 15:04:16 INFO  UserServiceImpl:67 - registerUserInfo has been called for userInfo: UserInfo [user=-1, firstName=null, lastName=Lastname, address=123 Avenue, city=Buffalo, state=New York, zip=12345]
2021-11-16 15:04:16 INFO  UserServiceImpl:67 - registerUserInfo has been called for userInfo: UserInfo [user=-1, firstName=Firstname, lastName=null, address=123 Avenue, city=Buffalo, state=New York, zip=12345]
2021-11-16 15:04:16 INFO  UserServiceImpl:67 - registerUserInfo has been called for userInfo: UserInfo [user=-1, firstName=Firstname, lastName=Lastname, address=null, city=Buffalo, state=New York, zip=12345]
2021-11-16 15:04:16 INFO  UserServiceImpl:67 - registerUserInfo has been called for userInfo: UserInfo [user=-1, firstName=Firstname, lastName=Lastname, address=123 Avenue, city=null, state=New York, zip=12345]
2021-11-16 15:04:16 INFO  UserServiceImpl:67 - registerUserInfo has been called for userInfo: UserInfo [user=-1, firstName=Firstname, lastName=Lastname, address=123 Avenue, city=Buffalo, state=null, zip=12345]
2021-11-16 15:04:16 INFO  UserServiceImpl:67 - registerUserInfo has been called for userInfo: UserInfo [user=-1, firstName=Firstname, lastName=Lastname, address=123 Avenue, city=Buffalo, state=New York, zip=null]
2021-11-16 15:04:16 INFO  UserServiceImpl:88 - updateEmail has been called for user id: 1
2021-11-16 15:04:16 INFO  UserServiceImpl:88 - updateEmail has been called for user id: -1
2021-11-16 15:04:16 INFO  UserServiceImpl:88 - updateEmail has been called for user id: 5
2021-11-16 15:04:16 INFO  UserServiceImpl:88 - updateEmail has been called for user id: 6
2021-11-16 15:04:16 INFO  UserServiceImpl:100 - updateUserInfo called for user id: + 1
2021-11-16 15:04:16 INFO  UserServiceImpl:100 - updateUserInfo called for user id: + -1
2021-11-16 15:04:16 INFO  UserServiceImpl:100 - updateUserInfo called for user id: + 3
2021-11-16 15:04:16 INFO  UserServiceImpl:100 - updateUserInfo called for user id: + -2
2021-11-16 15:04:16 INFO  UserServiceImpl:179 - updatePasswordByEmail was called for user id: -1
2021-11-16 15:04:16 INFO  UserServiceImpl:179 - updatePasswordByEmail was called for user id: -1
2021-11-16 15:04:16 INFO  UserServiceImpl:179 - updatePasswordByEmail was called for user id: -1
2021-11-16 15:04:16 INFO  UserServiceImpl:179 - updatePasswordByEmail was called for user id: -1
2021-11-16 15:04:16 INFO  UserServiceImpl:179 - updatePasswordByEmail was called for user id: 0
2021-11-16 15:04:16 INFO  UserServiceImpl:179 - updatePasswordByEmail was called for user id: -1
2021-11-16 15:04:16 INFO  UserServiceImpl:114 - createOrUpdateCovidForm was called for user id: -1
2021-11-16 15:04:16 INFO  UserServiceImpl:114 - createOrUpdateCovidForm was called for user id: 78
2021-11-16 15:04:16 INFO  UserServiceImpl:114 - createOrUpdateCovidForm was called for user id: -1
2021-11-16 15:04:16 INFO  UserServiceImpl:114 - createOrUpdateCovidForm was called for user id: -1
2021-11-16 15:05:58 INFO  ClaimServiceImpl:37 - addClaim called for claim: Claim [id=-1, user=83, dateOfService=null, dateOfClaim=Tue Nov 16 15:05:58 PST 2021, amount=100.0, status=PENDING, description=test description]
2021-11-16 15:06:02 INFO  ForumServiceImpl:79 - getAllPosts called.
2021-11-16 15:06:02 INFO  ForumServiceImpl:79 - getAllPosts called.
2021-11-16 15:06:02 INFO  ForumServiceImpl:38 - createNewPost called for post: DiscussionPost [id=-1, title=post title, user=1]
2021-11-16 15:06:02 INFO  ForumServiceImpl:38 - createNewPost called for post: DiscussionPost [id=-1, title=, user=1]
2021-11-16 15:06:05 INFO  UserServiceImpl:67 - registerUserInfo has been called for userInfo: UserInfo [user=-1, firstName=Firstname, lastName=Lastname, address=123 Avenue, city=Buffalo, state=New York, zip=12345]
2021-11-16 15:06:05 INFO  UserServiceImpl:67 - registerUserInfo has been called for userInfo: UserInfo [user=-1, firstName=null, lastName=null, address=null, city=null, state=null, zip=null]
2021-11-16 15:06:05 INFO  UserServiceImpl:67 - registerUserInfo has been called for userInfo: UserInfo [user=0, firstName=Firstname, lastName=Lastname, address=123 Avenue, city=Buffalo, state=New York, zip=12345]
2021-11-16 15:06:05 INFO  UserServiceImpl:67 - registerUserInfo has been called for userInfo: UserInfo [user=-1, firstName=null, lastName=Lastname, address=123 Avenue, city=Buffalo, state=New York, zip=12345]
2021-11-16 15:06:05 INFO  UserServiceImpl:67 - registerUserInfo has been called for userInfo: UserInfo [user=-1, firstName=Firstname, lastName=null, address=123 Avenue, city=Buffalo, state=New York, zip=12345]
2021-11-16 15:06:05 INFO  UserServiceImpl:67 - registerUserInfo has been called for userInfo: UserInfo [user=-1, firstName=Firstname, lastName=Lastname, address=null, city=Buffalo, state=New York, zip=12345]
2021-11-16 15:06:05 INFO  UserServiceImpl:67 - registerUserInfo has been called for userInfo: UserInfo [user=-1, firstName=Firstname, lastName=Lastname, address=123 Avenue, city=null, state=New York, zip=12345]
2021-11-16 15:06:05 INFO  UserServiceImpl:67 - registerUserInfo has been called for userInfo: UserInfo [user=-1, firstName=Firstname, lastName=Lastname, address=123 Avenue, city=Buffalo, state=null, zip=12345]
2021-11-16 15:06:05 INFO  UserServiceImpl:67 - registerUserInfo has been called for userInfo: UserInfo [user=-1, firstName=Firstname, lastName=Lastname, address=123 Avenue, city=Buffalo, state=New York, zip=null]
2021-11-16 15:06:05 INFO  UserServiceImpl:88 - updateEmail has been called for user id: 1
2021-11-16 15:06:05 INFO  UserServiceImpl:88 - updateEmail has been called for user id: -1
2021-11-16 15:06:05 INFO  UserServiceImpl:88 - updateEmail has been called for user id: 5
2021-11-16 15:06:05 INFO  UserServiceImpl:88 - updateEmail has been called for user id: 6
2021-11-16 15:06:05 INFO  UserServiceImpl:100 - updateUserInfo called for user id: + 1
2021-11-16 15:06:05 INFO  UserServiceImpl:100 - updateUserInfo called for user id: + -1
2021-11-16 15:06:05 INFO  UserServiceImpl:100 - updateUserInfo called for user id: + 3
2021-11-16 15:06:05 INFO  UserServiceImpl:100 - updateUserInfo called for user id: + -2
2021-11-16 15:06:05 INFO  UserServiceImpl:179 - updatePasswordByEmail was called for user id: -1
2021-11-16 15:06:05 INFO  UserServiceImpl:179 - updatePasswordByEmail was called for user id: -1
2021-11-16 15:06:05 INFO  UserServiceImpl:179 - updatePasswordByEmail was called for user id: -1
2021-11-16 15:06:05 INFO  UserServiceImpl:179 - updatePasswordByEmail was called for user id: -1
2021-11-16 15:06:05 INFO  UserServiceImpl:179 - updatePasswordByEmail was called for user id: 0
2021-11-16 15:06:05 INFO  UserServiceImpl:179 - updatePasswordByEmail was called for user id: -1
2021-11-16 15:06:05 INFO  UserServiceImpl:114 - createOrUpdateCovidForm was called for user id: -1
2021-11-16 15:06:05 INFO  UserServiceImpl:114 - createOrUpdateCovidForm was called for user id: 78
2021-11-16 15:06:05 INFO  UserServiceImpl:114 - createOrUpdateCovidForm was called for user id: -1
2021-11-16 15:06:05 INFO  UserServiceImpl:114 - createOrUpdateCovidForm was called for user id: -1
2021-11-16 15:09:50 INFO  ClaimServiceImpl:37 - addClaim called for claim: Claim [id=-1, user=83, dateOfService=null, dateOfClaim=Tue Nov 16 15:09:50 PST 2021, amount=100.0, status=PENDING, description=test description]
2021-11-16 15:09:53 INFO  ForumServiceImpl:79 - getAllPosts called.
2021-11-16 15:09:53 INFO  ForumServiceImpl:79 - getAllPosts called.
2021-11-16 15:09:53 INFO  ForumServiceImpl:38 - createNewPost called for post: DiscussionPost [id=-1, title=post title, user=1]
2021-11-16 15:09:53 INFO  ForumServiceImpl:38 - createNewPost called for post: DiscussionPost [id=-1, title=, user=1]
2021-11-16 15:09:56 INFO  UserServiceImpl:67 - registerUserInfo has been called for userInfo: UserInfo [user=-1, firstName=Firstname, lastName=Lastname, address=123 Avenue, city=Buffalo, state=New York, zip=12345]
2021-11-16 15:09:56 INFO  UserServiceImpl:67 - registerUserInfo has been called for userInfo: UserInfo [user=-1, firstName=null, lastName=null, address=null, city=null, state=null, zip=null]
2021-11-16 15:09:56 INFO  UserServiceImpl:67 - registerUserInfo has been called for userInfo: UserInfo [user=0, firstName=Firstname, lastName=Lastname, address=123 Avenue, city=Buffalo, state=New York, zip=12345]
2021-11-16 15:09:56 INFO  UserServiceImpl:67 - registerUserInfo has been called for userInfo: UserInfo [user=-1, firstName=null, lastName=Lastname, address=123 Avenue, city=Buffalo, state=New York, zip=12345]
2021-11-16 15:09:56 INFO  UserServiceImpl:67 - registerUserInfo has been called for userInfo: UserInfo [user=-1, firstName=Firstname, lastName=null, address=123 Avenue, city=Buffalo, state=New York, zip=12345]
2021-11-16 15:09:56 INFO  UserServiceImpl:67 - registerUserInfo has been called for userInfo: UserInfo [user=-1, firstName=Firstname, lastName=Lastname, address=null, city=Buffalo, state=New York, zip=12345]
2021-11-16 15:09:56 INFO  UserServiceImpl:67 - registerUserInfo has been called for userInfo: UserInfo [user=-1, firstName=Firstname, lastName=Lastname, address=123 Avenue, city=null, state=New York, zip=12345]
2021-11-16 15:09:56 INFO  UserServiceImpl:67 - registerUserInfo has been called for userInfo: UserInfo [user=-1, firstName=Firstname, lastName=Lastname, address=123 Avenue, city=Buffalo, state=null, zip=12345]
2021-11-16 15:09:56 INFO  UserServiceImpl:67 - registerUserInfo has been called for userInfo: UserInfo [user=-1, firstName=Firstname, lastName=Lastname, address=123 Avenue, city=Buffalo, state=New York, zip=null]
2021-11-16 15:09:56 INFO  UserServiceImpl:88 - updateEmail has been called for user id: 1
2021-11-16 15:09:56 INFO  UserServiceImpl:88 - updateEmail has been called for user id: -1
2021-11-16 15:09:56 INFO  UserServiceImpl:88 - updateEmail has been called for user id: 5
2021-11-16 15:09:56 INFO  UserServiceImpl:88 - updateEmail has been called for user id: 6
2021-11-16 15:09:56 INFO  UserServiceImpl:100 - updateUserInfo called for user id: + 1
2021-11-16 15:09:56 INFO  UserServiceImpl:100 - updateUserInfo called for user id: + -1
2021-11-16 15:09:56 INFO  UserServiceImpl:100 - updateUserInfo called for user id: + 3
2021-11-16 15:09:56 INFO  UserServiceImpl:100 - updateUserInfo called for user id: + -2
2021-11-16 15:09:56 INFO  UserServiceImpl:179 - updatePasswordByEmail was called for user id: -1
2021-11-16 15:09:56 INFO  UserServiceImpl:179 - updatePasswordByEmail was called for user id: -1
2021-11-16 15:09:56 INFO  UserServiceImpl:179 - updatePasswordByEmail was called for user id: -1
2021-11-16 15:09:56 INFO  UserServiceImpl:179 - updatePasswordByEmail was called for user id: -1
2021-11-16 15:09:56 INFO  UserServiceImpl:179 - updatePasswordByEmail was called for user id: 0
2021-11-16 15:09:56 INFO  UserServiceImpl:179 - updatePasswordByEmail was called for user id: -1
2021-11-16 15:09:56 INFO  UserServiceImpl:114 - createOrUpdateCovidForm was called for user id: -1
2021-11-16 15:09:56 INFO  UserServiceImpl:114 - createOrUpdateCovidForm was called for user id: 78
2021-11-16 15:09:56 INFO  UserServiceImpl:114 - createOrUpdateCovidForm was called for user id: -1
2021-11-16 15:09:56 INFO  UserServiceImpl:114 - createOrUpdateCovidForm was called for user id: -1
2021-11-16 15:32:34 INFO  ClaimServiceImpl:37 - addClaim called for claim: Claim [id=-1, user=83, dateOfService=null, dateOfClaim=Tue Nov 16 15:32:34 PST 2021, amount=100.0, status=PENDING, description=test description]
2021-11-16 15:32:37 INFO  ForumServiceImpl:79 - getAllPosts called.
2021-11-16 15:32:37 INFO  ForumServiceImpl:79 - getAllPosts called.
2021-11-16 15:32:37 INFO  ForumServiceImpl:64 - createNewResponse called for response: DiscussionResponse [id=-1, content=fake content, user=1, post=1]
2021-11-16 15:32:37 INFO  ForumServiceImpl:38 - createNewPost called for post: DiscussionPost [id=-1, title=post title, user=1]
2021-11-16 15:32:37 INFO  ForumServiceImpl:38 - createNewPost called for post: DiscussionPost [id=-1, title=, user=1]
2021-11-16 15:32:40 INFO  UserServiceImpl:67 - registerUserInfo has been called for userInfo: UserInfo [user=-1, firstName=Firstname, lastName=Lastname, address=123 Avenue, city=Buffalo, state=New York, zip=12345]
2021-11-16 15:32:40 INFO  UserServiceImpl:67 - registerUserInfo has been called for userInfo: UserInfo [user=-1, firstName=null, lastName=null, address=null, city=null, state=null, zip=null]
2021-11-16 15:32:40 INFO  UserServiceImpl:67 - registerUserInfo has been called for userInfo: UserInfo [user=0, firstName=Firstname, lastName=Lastname, address=123 Avenue, city=Buffalo, state=New York, zip=12345]
2021-11-16 15:32:40 INFO  UserServiceImpl:67 - registerUserInfo has been called for userInfo: UserInfo [user=-1, firstName=null, lastName=Lastname, address=123 Avenue, city=Buffalo, state=New York, zip=12345]
2021-11-16 15:32:40 INFO  UserServiceImpl:67 - registerUserInfo has been called for userInfo: UserInfo [user=-1, firstName=Firstname, lastName=null, address=123 Avenue, city=Buffalo, state=New York, zip=12345]
2021-11-16 15:32:40 INFO  UserServiceImpl:67 - registerUserInfo has been called for userInfo: UserInfo [user=-1, firstName=Firstname, lastName=Lastname, address=null, city=Buffalo, state=New York, zip=12345]
2021-11-16 15:32:40 INFO  UserServiceImpl:67 - registerUserInfo has been called for userInfo: UserInfo [user=-1, firstName=Firstname, lastName=Lastname, address=123 Avenue, city=null, state=New York, zip=12345]
2021-11-16 15:32:40 INFO  UserServiceImpl:67 - registerUserInfo has been called for userInfo: UserInfo [user=-1, firstName=Firstname, lastName=Lastname, address=123 Avenue, city=Buffalo, state=null, zip=12345]
2021-11-16 15:32:40 INFO  UserServiceImpl:67 - registerUserInfo has been called for userInfo: UserInfo [user=-1, firstName=Firstname, lastName=Lastname, address=123 Avenue, city=Buffalo, state=New York, zip=null]
2021-11-16 15:32:40 INFO  UserServiceImpl:88 - updateEmail has been called for user id: 1
2021-11-16 15:32:40 INFO  UserServiceImpl:88 - updateEmail has been called for user id: -1
2021-11-16 15:32:40 INFO  UserServiceImpl:88 - updateEmail has been called for user id: 5
2021-11-16 15:32:40 INFO  UserServiceImpl:88 - updateEmail has been called for user id: 6
2021-11-16 15:32:40 INFO  UserServiceImpl:100 - updateUserInfo called for user id: + 1
2021-11-16 15:32:40 INFO  UserServiceImpl:100 - updateUserInfo called for user id: + -1
2021-11-16 15:32:40 INFO  UserServiceImpl:100 - updateUserInfo called for user id: + 3
2021-11-16 15:32:40 INFO  UserServiceImpl:100 - updateUserInfo called for user id: + -2
2021-11-16 15:32:40 INFO  UserServiceImpl:179 - updatePasswordByEmail was called for user id: -1
2021-11-16 15:32:40 INFO  UserServiceImpl:179 - updatePasswordByEmail was called for user id: -1
2021-11-16 15:32:40 INFO  UserServiceImpl:179 - updatePasswordByEmail was called for user id: -1
2021-11-16 15:32:40 INFO  UserServiceImpl:179 - updatePasswordByEmail was called for user id: -1
2021-11-16 15:32:40 INFO  UserServiceImpl:179 - updatePasswordByEmail was called for user id: 0
2021-11-16 15:32:40 INFO  UserServiceImpl:179 - updatePasswordByEmail was called for user id: -1
2021-11-16 15:32:40 INFO  UserServiceImpl:114 - createOrUpdateCovidForm was called for user id: -1
2021-11-16 15:32:40 INFO  UserServiceImpl:114 - createOrUpdateCovidForm was called for user id: 78
2021-11-16 15:32:40 INFO  UserServiceImpl:114 - createOrUpdateCovidForm was called for user id: -1
2021-11-16 15:32:40 INFO  UserServiceImpl:114 - createOrUpdateCovidForm was called for user id: -1
2021-11-16 15:37:06 INFO  ClaimServiceImpl:37 - addClaim called for claim: Claim [id=-1, user=83, dateOfService=null, dateOfClaim=Tue Nov 16 15:37:05 PST 2021, amount=100.0, status=PENDING, description=test description]
2021-11-16 15:37:09 INFO  ForumServiceImpl:82 - getAllPosts called.
2021-11-16 15:37:09 INFO  ForumServiceImpl:82 - getAllPosts called.
2021-11-16 15:37:09 INFO  ForumServiceImpl:65 - createNewResponse called for response: DiscussionResponse [id=-1, content=fake content, user=1, post=1]
2021-11-16 15:37:09 INFO  ForumServiceImpl:38 - createNewPost called for post: DiscussionPost [id=-1, title=post title, user=1]
2021-11-16 15:37:09 INFO  ForumServiceImpl:38 - createNewPost called for post: DiscussionPost [id=-1, title=, user=1]
2021-11-16 15:37:11 INFO  UserServiceImpl:67 - registerUserInfo has been called for userInfo: UserInfo [user=-1, firstName=Firstname, lastName=Lastname, address=123 Avenue, city=Buffalo, state=New York, zip=12345]
2021-11-16 15:37:11 INFO  UserServiceImpl:67 - registerUserInfo has been called for userInfo: UserInfo [user=-1, firstName=null, lastName=null, address=null, city=null, state=null, zip=null]
2021-11-16 15:37:11 INFO  UserServiceImpl:67 - registerUserInfo has been called for userInfo: UserInfo [user=0, firstName=Firstname, lastName=Lastname, address=123 Avenue, city=Buffalo, state=New York, zip=12345]
2021-11-16 15:37:11 INFO  UserServiceImpl:67 - registerUserInfo has been called for userInfo: UserInfo [user=-1, firstName=null, lastName=Lastname, address=123 Avenue, city=Buffalo, state=New York, zip=12345]
2021-11-16 15:37:11 INFO  UserServiceImpl:67 - registerUserInfo has been called for userInfo: UserInfo [user=-1, firstName=Firstname, lastName=null, address=123 Avenue, city=Buffalo, state=New York, zip=12345]
2021-11-16 15:37:11 INFO  UserServiceImpl:67 - registerUserInfo has been called for userInfo: UserInfo [user=-1, firstName=Firstname, lastName=Lastname, address=null, city=Buffalo, state=New York, zip=12345]
2021-11-16 15:37:11 INFO  UserServiceImpl:67 - registerUserInfo has been called for userInfo: UserInfo [user=-1, firstName=Firstname, lastName=Lastname, address=123 Avenue, city=null, state=New York, zip=12345]
2021-11-16 15:37:11 INFO  UserServiceImpl:67 - registerUserInfo has been called for userInfo: UserInfo [user=-1, firstName=Firstname, lastName=Lastname, address=123 Avenue, city=Buffalo, state=null, zip=12345]
2021-11-16 15:37:11 INFO  UserServiceImpl:67 - registerUserInfo has been called for userInfo: UserInfo [user=-1, firstName=Firstname, lastName=Lastname, address=123 Avenue, city=Buffalo, state=New York, zip=null]
2021-11-16 15:37:11 INFO  UserServiceImpl:88 - updateEmail has been called for user id: 1
2021-11-16 15:37:11 INFO  UserServiceImpl:88 - updateEmail has been called for user id: -1
2021-11-16 15:37:11 INFO  UserServiceImpl:88 - updateEmail has been called for user id: 5
2021-11-16 15:37:11 INFO  UserServiceImpl:88 - updateEmail has been called for user id: 6
2021-11-16 15:37:11 INFO  UserServiceImpl:100 - updateUserInfo called for user id: + 1
2021-11-16 15:37:11 INFO  UserServiceImpl:100 - updateUserInfo called for user id: + -1
2021-11-16 15:37:11 INFO  UserServiceImpl:100 - updateUserInfo called for user id: + 3
2021-11-16 15:37:11 INFO  UserServiceImpl:100 - updateUserInfo called for user id: + -2
2021-11-16 15:37:11 INFO  UserServiceImpl:179 - updatePasswordByEmail was called for user id: -1
2021-11-16 15:37:11 INFO  UserServiceImpl:179 - updatePasswordByEmail was called for user id: -1
2021-11-16 15:37:11 INFO  UserServiceImpl:179 - updatePasswordByEmail was called for user id: -1
2021-11-16 15:37:11 INFO  UserServiceImpl:179 - updatePasswordByEmail was called for user id: -1
2021-11-16 15:37:11 INFO  UserServiceImpl:179 - updatePasswordByEmail was called for user id: 0
2021-11-16 15:37:11 INFO  UserServiceImpl:179 - updatePasswordByEmail was called for user id: -1
2021-11-16 15:37:11 INFO  UserServiceImpl:114 - createOrUpdateCovidForm was called for user id: -1
2021-11-16 15:37:11 INFO  UserServiceImpl:114 - createOrUpdateCovidForm was called for user id: 78
2021-11-16 15:37:11 INFO  UserServiceImpl:114 - createOrUpdateCovidForm was called for user id: -1
2021-11-16 15:37:11 INFO  UserServiceImpl:114 - createOrUpdateCovidForm was called for user id: -1
2021-11-16 15:40:02 INFO  ClaimServiceImpl:37 - addClaim called for claim: Claim [id=-1, user=83, dateOfService=null, dateOfClaim=Tue Nov 16 15:40:01 PST 2021, amount=100.0, status=PENDING, description=test description]
2021-11-16 15:40:05 INFO  ForumServiceImpl:81 - getAllPosts called.
2021-11-16 15:40:05 INFO  ForumServiceImpl:81 - getAllPosts called.
2021-11-16 15:40:05 INFO  ForumServiceImpl:64 - createNewResponse called for response: DiscussionResponse [id=-1, content=fake content, user=1, post=1]
2021-11-16 15:40:05 INFO  ForumServiceImpl:38 - createNewPost called for post: DiscussionPost [id=-1, title=post title, user=1]
2021-11-16 15:40:05 INFO  ForumServiceImpl:38 - createNewPost called for post: DiscussionPost [id=-1, title=, user=1]
2021-11-16 15:40:08 INFO  UserServiceImpl:67 - registerUserInfo has been called for userInfo: UserInfo [user=-1, firstName=Firstname, lastName=Lastname, address=123 Avenue, city=Buffalo, state=New York, zip=12345]
2021-11-16 15:40:08 INFO  UserServiceImpl:67 - registerUserInfo has been called for userInfo: UserInfo [user=-1, firstName=null, lastName=null, address=null, city=null, state=null, zip=null]
2021-11-16 15:40:08 INFO  UserServiceImpl:67 - registerUserInfo has been called for userInfo: UserInfo [user=0, firstName=Firstname, lastName=Lastname, address=123 Avenue, city=Buffalo, state=New York, zip=12345]
2021-11-16 15:40:08 INFO  UserServiceImpl:67 - registerUserInfo has been called for userInfo: UserInfo [user=-1, firstName=null, lastName=Lastname, address=123 Avenue, city=Buffalo, state=New York, zip=12345]
2021-11-16 15:40:08 INFO  UserServiceImpl:67 - registerUserInfo has been called for userInfo: UserInfo [user=-1, firstName=Firstname, lastName=null, address=123 Avenue, city=Buffalo, state=New York, zip=12345]
2021-11-16 15:40:08 INFO  UserServiceImpl:67 - registerUserInfo has been called for userInfo: UserInfo [user=-1, firstName=Firstname, lastName=Lastname, address=null, city=Buffalo, state=New York, zip=12345]
2021-11-16 15:40:08 INFO  UserServiceImpl:67 - registerUserInfo has been called for userInfo: UserInfo [user=-1, firstName=Firstname, lastName=Lastname, address=123 Avenue, city=null, state=New York, zip=12345]
2021-11-16 15:40:08 INFO  UserServiceImpl:67 - registerUserInfo has been called for userInfo: UserInfo [user=-1, firstName=Firstname, lastName=Lastname, address=123 Avenue, city=Buffalo, state=null, zip=12345]
2021-11-16 15:40:08 INFO  UserServiceImpl:67 - registerUserInfo has been called for userInfo: UserInfo [user=-1, firstName=Firstname, lastName=Lastname, address=123 Avenue, city=Buffalo, state=New York, zip=null]
2021-11-16 15:40:08 INFO  UserServiceImpl:88 - updateEmail has been called for user id: 1
2021-11-16 15:40:08 INFO  UserServiceImpl:88 - updateEmail has been called for user id: -1
2021-11-16 15:40:08 INFO  UserServiceImpl:88 - updateEmail has been called for user id: 5
2021-11-16 15:40:08 INFO  UserServiceImpl:88 - updateEmail has been called for user id: 6
2021-11-16 15:40:08 INFO  UserServiceImpl:100 - updateUserInfo called for user id: + 1
2021-11-16 15:40:08 INFO  UserServiceImpl:100 - updateUserInfo called for user id: + -1
2021-11-16 15:40:08 INFO  UserServiceImpl:100 - updateUserInfo called for user id: + 3
2021-11-16 15:40:08 INFO  UserServiceImpl:100 - updateUserInfo called for user id: + -2
2021-11-16 15:40:08 INFO  UserServiceImpl:179 - updatePasswordByEmail was called for user id: -1
2021-11-16 15:40:08 INFO  UserServiceImpl:179 - updatePasswordByEmail was called for user id: -1
2021-11-16 15:40:08 INFO  UserServiceImpl:179 - updatePasswordByEmail was called for user id: -1
2021-11-16 15:40:08 INFO  UserServiceImpl:179 - updatePasswordByEmail was called for user id: -1
2021-11-16 15:40:08 INFO  UserServiceImpl:179 - updatePasswordByEmail was called for user id: 0
2021-11-16 15:40:08 INFO  UserServiceImpl:179 - updatePasswordByEmail was called for user id: -1
2021-11-16 15:40:08 INFO  UserServiceImpl:114 - createOrUpdateCovidForm was called for user id: -1
2021-11-16 15:40:08 INFO  UserServiceImpl:114 - createOrUpdateCovidForm was called for user id: 78
2021-11-16 15:40:08 INFO  UserServiceImpl:114 - createOrUpdateCovidForm was called for user id: -1
2021-11-16 15:40:08 INFO  UserServiceImpl:114 - createOrUpdateCovidForm was called for user id: -1
